<?xml version="1.0" encoding="UTF-8"?>
<!-- Generated by org.testng.reporters.JUnitXMLReporter -->
<testsuite hostname="IN-00210975" name="Default test" tests="4" failures="0" timestamp="2 Sep 2021 19:15:45 GMT" time="4.28" errors="0">
  <testcase name="addBook" time="3.363" classname="files.DynamicJson"/>
  <testcase name="addBook" time="0.292" classname="files.DynamicJson"/>
  <testcase name="addBook" time="0.326" classname="files.DynamicJson"/>
  <testcase name="addBook" time="0.273" classname="files.DynamicJson"/>
</testsuite> <!-- Default test -->
